<?xml version="1.0" encoding="UTF-8"?>
<!-- Generated by org.testng.reporters.JUnitReportReporter -->
<testsuite hostname="DESKTOP-DR9DKED" name="com.automation.GuruBank.Scripts.Login" tests="1" failures="0" timestamp="25 Nov 2020 12:30:46 GMT" time="32.845" errors="0">
  <testcase name="login" time="32.845" classname="com.automation.GuruBank.Scripts.Login"/>
</testsuite> <!-- com.automation.GuruBank.Scripts.Login -->
